f:\c++\多态\多态\debug\vc142.pdb
f:\c++\多态\多态\debug\vc142.idb
f:\c++\多态\多态\debug\多态的基本语法.obj
f:\c++\多态\多态\debug\多态的原理剖析.obj
f:\c++\多态\多态\debug\多态案例_计算器类.obj
f:\c++\多态\多态\debug\多态计算器方法.obj
f:\c++\多态\多态\debug\多态案例_计算器类普通写法.obj
f:\c++\多态\debug\多态.exe
f:\c++\多态\多态\debug\多态.ilk
f:\c++\多态\debug\多态.pdb
f:\c++\多态\多态\debug\多态.tlog\cl.command.1.tlog
f:\c++\多态\多态\debug\多态.tlog\cl.read.1.tlog
f:\c++\多态\多态\debug\多态.tlog\cl.write.1.tlog
f:\c++\多态\多态\debug\多态.tlog\link.8380-cvtres.read.1.tlog
f:\c++\多态\多态\debug\多态.tlog\link.8380-cvtres.write.1.tlog
f:\c++\多态\多态\debug\多态.tlog\link.8380-rc.read.1.tlog
f:\c++\多态\多态\debug\多态.tlog\link.8380-rc.write.1.tlog
f:\c++\多态\多态\debug\多态.tlog\link.8380.read.1.tlog
f:\c++\多态\多态\debug\多态.tlog\link.8380.write.1.tlog
f:\c++\多态\多态\debug\多态.tlog\link.command.1.tlog
f:\c++\多态\多态\debug\多态.tlog\link.read.1.tlog
f:\c++\多态\多态\debug\多态.tlog\link.write.1.tlog
