f:\c++\stl模板\stl模板\debug\vc142.pdb
f:\c++\stl模板\stl模板\debug\vc142.idb
f:\c++\stl模板\stl模板\debug\赋值.obj
f:\c++\stl模板\stl模板\debug\自定义数据类型.obj
f:\c++\stl模板\stl模板\debug\比较.obj
f:\c++\stl模板\stl模板\debug\查找.obj
f:\c++\stl模板\stl模板\debug\嵌套.obj
f:\c++\stl模板\stl模板\debug\zz格式cpp.obj
f:\c++\stl模板\stl模板\debug\初识.obj
f:\c++\stl模板\stl模板\debug\string拼接.obj
f:\c++\stl模板\stl模板\debug\string.obj
f:\c++\stl模板\debug\stl模板.exe
f:\c++\stl模板\stl模板\debug\stl模板.ilk
f:\c++\stl模板\debug\stl模板.pdb
f:\c++\stl模板\stl模板\debug\stl模板.tlog\cl.command.1.tlog
f:\c++\stl模板\stl模板\debug\stl模板.tlog\cl.read.1.tlog
f:\c++\stl模板\stl模板\debug\stl模板.tlog\cl.write.1.tlog
f:\c++\stl模板\stl模板\debug\stl模板.tlog\link.command.1.tlog
f:\c++\stl模板\stl模板\debug\stl模板.tlog\link.read.1.tlog
f:\c++\stl模板\stl模板\debug\stl模板.tlog\link.write.1.tlog
