f:\c++\类和对象\类和对象\debug\vc142.pdb
f:\c++\类和对象\类和对象\debug\vc142.idb
f:\c++\类和对象\类和对象\debug\封装.obj
f:\c++\类和对象\类和对象\debug\设计一个类.obj
f:\c++\类和对象\类和对象\debug\封装的意义.obj
f:\c++\类和对象\类和对象\debug\成员属性设置为私有.obj
f:\c++\类和对象\类和对象\debug\struct和class的区别.obj
f:\c++\类和对象\debug\类和对象.exe
f:\c++\类和对象\类和对象\debug\类和对象.ilk
f:\c++\类和对象\debug\类和对象.pdb
f:\c++\类和对象\类和对象\debug\类和对象.tlog\cl.command.1.tlog
f:\c++\类和对象\类和对象\debug\类和对象.tlog\cl.read.1.tlog
f:\c++\类和对象\类和对象\debug\类和对象.tlog\cl.write.1.tlog
f:\c++\类和对象\类和对象\debug\类和对象.tlog\link-cvtres.read.1.tlog
f:\c++\类和对象\类和对象\debug\类和对象.tlog\link-cvtres.write.1.tlog
f:\c++\类和对象\类和对象\debug\类和对象.tlog\link-rc.read.1.tlog
f:\c++\类和对象\类和对象\debug\类和对象.tlog\link-rc.write.1.tlog
f:\c++\类和对象\类和对象\debug\类和对象.tlog\link.15516-cvtres.read.1.tlog
f:\c++\类和对象\类和对象\debug\类和对象.tlog\link.15516-cvtres.write.1.tlog
f:\c++\类和对象\类和对象\debug\类和对象.tlog\link.15516-rc.read.1.tlog
f:\c++\类和对象\类和对象\debug\类和对象.tlog\link.15516-rc.write.1.tlog
f:\c++\类和对象\类和对象\debug\类和对象.tlog\link.15516.read.1.tlog
f:\c++\类和对象\类和对象\debug\类和对象.tlog\link.15516.write.1.tlog
f:\c++\类和对象\类和对象\debug\类和对象.tlog\link.command.1.tlog
f:\c++\类和对象\类和对象\debug\类和对象.tlog\link.read.1.tlog
f:\c++\类和对象\类和对象\debug\类和对象.tlog\link.write.1.tlog
