f:\c++\对象的初始化\对象的初始化\debug\vc142.pdb
f:\c++\对象的初始化\对象的初始化\debug\vc142.idb
f:\c++\对象的初始化\对象的初始化\debug\静态成员函数.obj
f:\c++\对象的初始化\对象的初始化\debug\静态成员.obj
f:\c++\对象的初始化\对象的初始化\debug\类对象作为类对象.obj
f:\c++\对象的初始化\对象的初始化\debug\深拷贝与浅拷贝.obj
f:\c++\对象的初始化\对象的初始化\debug\析构函数和构造函数.obj
f:\c++\对象的初始化\对象的初始化\debug\构造函数的调用规则.obj
f:\c++\对象的初始化\对象的初始化\debug\构造函数的分类和调用.obj
f:\c++\对象的初始化\对象的初始化\debug\拷贝构造函数的调用时机.obj
f:\c++\对象的初始化\对象的初始化\debug\初始化.obj
f:\c++\对象的初始化\对象的初始化\debug\对象的初始化.ilk
f:\c++\对象的初始化\debug\对象的初始化.exe
f:\c++\对象的初始化\debug\对象的初始化.pdb
f:\c++\对象的初始化\对象的初始化\debug\对象的初始化.tlog\cl.command.1.tlog
f:\c++\对象的初始化\对象的初始化\debug\对象的初始化.tlog\cl.read.1.tlog
f:\c++\对象的初始化\对象的初始化\debug\对象的初始化.tlog\cl.write.1.tlog
f:\c++\对象的初始化\对象的初始化\debug\对象的初始化.tlog\link.command.1.tlog
f:\c++\对象的初始化\对象的初始化\debug\对象的初始化.tlog\link.read.1.tlog
f:\c++\对象的初始化\对象的初始化\debug\对象的初始化.tlog\link.write.1.tlog
