f:\c++\内存分区类型\内存分区类型\debug\vc142.pdb
f:\c++\内存分区类型\内存分区类型\debug\vc142.idb
f:\c++\内存分区类型\内存分区类型\debug\程序运行前.obj
f:\c++\内存分区类型\内存分区类型\debug\new操作符.obj
f:\c++\内存分区类型\内存分区类型\debug\引用.obj
f:\c++\内存分区类型\内存分区类型\debug\new数组.obj
f:\c++\内存分区类型\内存分区类型\debug\引用和函数.obj
f:\c++\内存分区类型\内存分区类型\debug\引用做函数返回值.obj
f:\c++\内存分区类型\内存分区类型\debug\堆区.obj
f:\c++\内存分区类型\内存分区类型\debug\程序运行后.obj
f:\c++\内存分区类型\内存分区类型\debug\堆区.obj.enc
f:\c++\内存分区类型\debug\内存分区类型.pdb
f:\c++\内存分区类型\内存分区类型\debug\内存分区类型.tlog\cl.command.1.tlog
f:\c++\内存分区类型\内存分区类型\debug\内存分区类型.tlog\cl.read.1.tlog
f:\c++\内存分区类型\内存分区类型\debug\内存分区类型.tlog\cl.write.1.tlog
f:\c++\内存分区类型\内存分区类型\debug\内存分区类型.tlog\link.4192-cvtres.read.1.tlog
f:\c++\内存分区类型\内存分区类型\debug\内存分区类型.tlog\link.4192-cvtres.write.1.tlog
f:\c++\内存分区类型\内存分区类型\debug\内存分区类型.tlog\link.4192-rc.read.1.tlog
f:\c++\内存分区类型\内存分区类型\debug\内存分区类型.tlog\link.4192-rc.write.1.tlog
f:\c++\内存分区类型\内存分区类型\debug\内存分区类型.tlog\link.4192.read.1.tlog
f:\c++\内存分区类型\内存分区类型\debug\内存分区类型.tlog\link.4192.write.1.tlog
f:\c++\内存分区类型\内存分区类型\debug\内存分区类型.tlog\link.command.1.tlog
f:\c++\内存分区类型\内存分区类型\debug\内存分区类型.tlog\link.read.1.tlog
f:\c++\内存分区类型\内存分区类型\debug\内存分区类型.tlog\link.write.1.tlog
