f:\c++\复习\复习\debug\vc142.pdb
f:\c++\复习\复习\debug\vc142.idb
f:\c++\复习\复习\debug\demo19.obj
f:\c++\复习\复习\debug\demo18.obj
f:\c++\复习\复习\debug\demo17.obj
f:\c++\复习\复习\debug\demo16.obj
f:\c++\复习\复习\debug\demo16.1.obj
f:\c++\复习\复习\debug\demo15.obj
f:\c++\复习\复习\debug\demo14.obj
f:\c++\复习\复习\debug\demo13.obj
f:\c++\复习\复习\debug\demo12.obj
f:\c++\复习\复习\debug\demo11.obj
f:\c++\复习\复习\debug\demo10.obj
f:\c++\复习\复习\debug\demo09.obj
f:\c++\复习\复习\debug\demo08.obj
f:\c++\复习\复习\debug\demo07.obj
f:\c++\复习\复习\debug\demo06.obj
f:\c++\复习\复习\debug\demo05.obj
f:\c++\复习\复习\debug\demo04.obj
f:\c++\复习\复习\debug\demo03.obj
f:\c++\复习\复习\debug\demo02.obj
f:\c++\复习\复习\debug\demo01.obj
f:\c++\复习\复习\debug\格式.obj
f:\c++\复习\复习\debug\demo29.obj
f:\c++\复习\复习\debug\demo28.obj
f:\c++\复习\复习\debug\demo27.obj
f:\c++\复习\复习\debug\demo26.obj
f:\c++\复习\复习\debug\demo25.obj
f:\c++\复习\复习\debug\demo24.obj
f:\c++\复习\复习\debug\demo23.obj
f:\c++\复习\复习\debug\demo22.obj
f:\c++\复习\复习\debug\demo21.obj
f:\c++\复习\复习\debug\demo20.obj
f:\c++\复习\复习\debug\复习.ilk
f:\c++\复习\debug\复习.exe
f:\c++\复习\debug\复习.pdb
f:\c++\复习\复习\debug\复习.tlog\cl.command.1.tlog
f:\c++\复习\复习\debug\复习.tlog\cl.read.1.tlog
f:\c++\复习\复习\debug\复习.tlog\cl.write.1.tlog
f:\c++\复习\复习\debug\复习.tlog\link.command.1.tlog
f:\c++\复习\复习\debug\复习.tlog\link.read.1.tlog
f:\c++\复习\复习\debug\复习.tlog\link.write.1.tlog
