f:\c++\模板\模板\debug\vc142.pdb
f:\c++\模板\模板\debug\vc142.idb
f:\c++\模板\模板\debug\格式.obj
f:\c++\模板\模板\debug\demo08.obj
f:\c++\模板\模板\debug\demo07.obj
f:\c++\模板\模板\debug\demo06.obj
f:\c++\模板\模板\debug\demo05.obj
f:\c++\模板\模板\debug\demo04.obj
f:\c++\模板\模板\debug\demo03.obj
f:\c++\模板\模板\debug\demo02.obj
f:\c++\模板\模板\debug\demo01.obj
f:\c++\模板\debug\模板.exe
f:\c++\模板\模板\debug\模板.ilk
f:\c++\模板\debug\模板.pdb
f:\c++\模板\模板\debug\模板.tlog\cl.command.1.tlog
f:\c++\模板\模板\debug\模板.tlog\cl.read.1.tlog
f:\c++\模板\模板\debug\模板.tlog\cl.write.1.tlog
f:\c++\模板\模板\debug\模板.tlog\link.command.1.tlog
f:\c++\模板\模板\debug\模板.tlog\link.read.1.tlog
f:\c++\模板\模板\debug\模板.tlog\link.write.1.tlog
